<?xml version="1.0" encoding="UTF-8"?>
<!-- Generated by org.testng.reporters.JUnitReportReporter -->
<testsuite hostname="KHST" failures="0" tests="5" name="com.hrm.qa.testcases.ApproveTabTest" time="117.602" errors="0" timestamp="2022-11-20T12:32:08 IST" skipped="0">
  <testcase classname="com.hrm.qa.testcases.ApproveTabTest" name="verifyPgTitleTest" time="20.525"/>
  <system-out/>
  <testcase classname="com.hrm.qa.testcases.ApproveTabTest" name="selectApprovedTest" time="25.925"/>
  <system-out/>
  <testcase classname="com.hrm.qa.testcases.ApproveTabTest" name="selectRejectedTest" time="19.313"/>
  <system-out/>
  <testcase classname="com.hrm.qa.testcases.ApproveTabTest" name="confirmApprovalTest" time="26.274"/>
  <system-out/>
  <testcase classname="com.hrm.qa.testcases.ApproveTabTest" name="confirmRejectionTest" time="25.565"/>
  <system-out/>
</testsuite> <!-- com.hrm.qa.testcases.ApproveTabTest -->
