<?xml version="1.0" encoding="UTF-8"?>
<!-- Generated by org.testng.reporters.JUnitReportReporter -->
<testsuite hostname="KHST" failures="0" tests="1" name="com.hrm.qa.testcases.ReviewLeavePageTest" time="27.282" errors="0" timestamp="2022-11-20T12:32:08 IST" skipped="0">
  <testcase classname="com.hrm.qa.testcases.ReviewLeavePageTest" name="validatePgTitleTest" time="27.282"/>
  <system-out/>
</testsuite> <!-- com.hrm.qa.testcases.ReviewLeavePageTest -->
