<?xml version="1.0" encoding="UTF-8"?>
<!-- Generated by org.testng.reporters.JUnitReportReporter -->
<testsuite hostname="KHST" failures="0" tests="5" name="com.hrm.qa.testcases.HomePageTest" time="142.652" errors="0" timestamp="2022-11-20T12:32:08 IST" skipped="0">
  <testcase classname="com.hrm.qa.testcases.HomePageTest" name="homePageLogoTest" time="21.344"/>
  <system-out/>
  <testcase classname="com.hrm.qa.testcases.HomePageTest" name="verifyLockTimeLinkTest" time="18.656"/>
  <system-out/>
  <testcase classname="com.hrm.qa.testcases.HomePageTest" name="verifyviewTrackLinkTest" time="36.652"/>
  <system-out/>
  <testcase classname="com.hrm.qa.testcases.HomePageTest" name="verifyapproveLinkTest" time="25.684"/>
  <system-out/>
  <testcase classname="com.hrm.qa.testcases.HomePageTest" name="verifyactiPlanLinkTest" time="40.316"/>
  <system-out/>
</testsuite> <!-- com.hrm.qa.testcases.HomePageTest -->
