<?xml version="1.0" encoding="UTF-8"?>
<!-- Generated by org.testng.reporters.JUnitReportReporter -->
<testsuite hostname="KHST" failures="0" tests="3" name="com.hrm.qa.testcases.ReportPageTest" time="124.942" errors="0" timestamp="2022-11-20T12:32:08 IST" skipped="0">
  <testcase classname="com.hrm.qa.testcases.ReportPageTest" name="validatePgTitleTest" time="41.566"/>
  <system-out/>
  <testcase classname="com.hrm.qa.testcases.ReportPageTest" name="dwnldCSVTest" time="46.034"/>
  <system-out/>
  <testcase classname="com.hrm.qa.testcases.ReportPageTest" name="dwnldPDFTest" time="37.342"/>
  <system-out/>
</testsuite> <!-- com.hrm.qa.testcases.ReportPageTest -->
