<?xml version="1.0" encoding="UTF-8"?>
<!-- Generated by org.testng.reporters.JUnitReportReporter -->
<testsuite hostname="KHST" failures="0" tests="2" name="com.hrm.qa.testcases.EmployeePageTest" time="61.194" errors="0" timestamp="2022-11-20T12:32:08 IST" skipped="0">
  <testcase classname="com.hrm.qa.testcases.EmployeePageTest" name="verifyPgTitleTest" time="29.769"/>
  <system-out/>
  <testcase classname="com.hrm.qa.testcases.EmployeePageTest" name="clickEmployeeTest" time="31.425"/>
  <system-out/>
</testsuite> <!-- com.hrm.qa.testcases.EmployeePageTest -->
