<?xml version="1.0" encoding="UTF-8"?>
<!-- Generated by org.testng.reporters.JUnitReportReporter -->
<testsuite hostname="KHST" failures="0" tests="5" name="com.hrm.qa.testcases.ActiPlanPageText" time="158.685" errors="0" timestamp="2022-11-20T12:32:08 IST" skipped="0">
  <testcase classname="com.hrm.qa.testcases.ActiPlanPageText" name="validateActiTimeLogoTest" time="33.529"/>
  <system-out/>
  <testcase classname="com.hrm.qa.testcases.ActiPlanPageText" name="validatePgTitleTest" time="29.141"/>
  <system-out/>
  <testcase classname="com.hrm.qa.testcases.ActiPlanPageText" name="verifyReviewLeaveLinkTest" time="27.210"/>
  <system-out/>
  <testcase classname="com.hrm.qa.testcases.ActiPlanPageText" name="verifyReportLinkTest" time="34.415"/>
  <system-out/>
  <testcase classname="com.hrm.qa.testcases.ActiPlanPageText" name="verifyEmployeeListLinkTest" time="34.390"/>
  <system-out/>
</testsuite> <!-- com.hrm.qa.testcases.ActiPlanPageText -->
